INFO:Logger:We cannot sell on 1612051200.0.
INFO:Logger:
Volume: 100
Revenue: 0 
Costs: 998.7749999999995
INFO:Logger:
Volume: 0
Revenue: 1150.4249999999995 
Costs: 1008.7749999999995
INFO:Logger:
Volume: 100
Revenue: 1150.4249999999995 
Costs: 2061.6999999999994
INFO:Logger:
Volume: 0
Revenue: 2354.999999999999 
Costs: 2071.6999999999994
INFO:Logger:
Volume: 100
Revenue: 2354.999999999999 
Costs: 3178.7749999999996
INFO:Logger:
Volume: 0
Revenue: 3613.7249999999985 
Costs: 3188.7749999999996
INFO:Logger:
Volume: 100
Revenue: 3613.7249999999985 
Costs: 4350.0
INFO:Logger:
Volume: 0
Revenue: 4926.5999999999985 
Costs: 4360.0
INFO:Logger:
Volume: 100
Revenue: 4926.5999999999985 
Costs: 5575.375
INFO:Logger:
Volume: 0
Revenue: 6293.624999999998 
Costs: 5585.375
INFO:Logger:
Volume: 100
Revenue: 6293.624999999998 
Costs: 6854.9
INFO:Logger:
Volume: 0
Revenue: 7714.799999999998 
Costs: 6864.9
INFO:Logger:
Volume: 100
Revenue: 7714.799999999998 
Costs: 8188.575
INFO:Logger:
Volume: 0
Revenue: 9190.124999999998 
Costs: 8198.575
INFO:Logger:
Volume: 100
Revenue: 9190.124999999998 
Costs: 9576.400000000001
INFO:Logger:
Volume: 0
Revenue: 10719.599999999999 
Costs: 9586.400000000001
INFO:Logger:
Volume: 100
Revenue: 10719.599999999999 
Costs: 11018.375000000002
